-------------------------------------------------------------------------------
Test set: TestSuite
-------------------------------------------------------------------------------
Tests run: 1, Failures: 1, Errors: 0, Skipped: 0, Time elapsed: 41.983 s <<< FAILURE! - in TestSuite
register(com.citi.automation.framework.testcase.TS001)  Time elapsed: 40.567 s  <<< FAILURE!
java.lang.AssertionError: expected [http://magento.com] but found [https://magento.com/]
	at com.citi.automation.framework.testcase.TS001.register(TS001.java:17)

