<?xml version="1.0" encoding="UTF-8"?>
<testng-results skipped="0" failed="0" ignored="0" total="1" passed="1">
  <reporter-output>
    <line>
      <![CDATA[Initialized browser]]>
    </line>
    <line>
      <![CDATA[Navigated to url: https://magento.com/]]>
    </line>
    <line>
      <![CDATA[clicked on By.className: fa-user]]>
    </line>
    <line>
      <![CDATA[clicked on By.xpath: //span[text()='Register']]]>
    </line>
  </reporter-output>
  <suite name="Default suite" duration-ms="66930" started-at="2018-10-08T06:46:41Z" finished-at="2018-10-08T06:47:48Z">
    <groups>
    </groups>
    <test name="Default test" duration-ms="66930" started-at="2018-10-08T06:46:41Z" finished-at="2018-10-08T06:47:48Z">
      <class name="com.citi.automation.framework.testcase.TS001">
        <test-method status="PASS" signature="register()[pri:0, instance:com.citi.automation.framework.testcase.TS001@d8355a8]" name="register" duration-ms="66874" started-at="2018-10-08T06:46:41Z" finished-at="2018-10-08T06:47:48Z">
          <reporter-output>
            <line>
              <![CDATA[Initialized browser]]>
            </line>
            <line>
              <![CDATA[Navigated to url: https://magento.com/]]>
            </line>
            <line>
              <![CDATA[clicked on By.className: fa-user]]>
            </line>
            <line>
              <![CDATA[clicked on By.xpath: //span[text()='Register']]]>
            </line>
          </reporter-output>
        </test-method> <!-- register -->
      </class> <!-- com.citi.automation.framework.testcase.TS001 -->
    </test> <!-- Default test -->
  </suite> <!-- Default suite -->
</testng-results>
